
*** Running vivado
    with args -log GenSecuencia.vds -m64 -product Vivado -mode batch -messageDb vivado.pb -notrace -source GenSecuencia.tcl



****** Vivado v2024.1 (64-bit)
  **** SW Build 5076996 on Wed May 22 18:37:14 MDT 2024
  **** IP Build 5075265 on Wed May 22 21:45:21 MDT 2024
  **** SharedData Build 5076995 on Wed May 22 18:29:18 MDT 2024
  **** Start of session at: Fri Dec 13 18:33:54 2024
    ** Copyright 1986-2022 Xilinx, Inc. All Rights Reserved.
    ** Copyright 2022-2024 Advanced Micro Devices, Inc. All Rights Reserved.

source GenSecuencia.tcl -notrace
create_project: Time (s): cpu = 00:00:07 ; elapsed = 00:00:08 . Memory (MB): peak = 522.828 ; gain = 236.492
Command: read_checkpoint -auto_incremental -incremental C:/Users/marco/OneDrive/Documentos/GitHub/ProyectoVHDLCarRechDan/project/project_1.srcs/utils_1/imports/synth_1/TOP.dcp
INFO: [Vivado 12-5825] Read reference checkpoint from C:/Users/marco/OneDrive/Documentos/GitHub/ProyectoVHDLCarRechDan/project/project_1.srcs/utils_1/imports/synth_1/TOP.dcp for incremental synthesis
INFO: [Vivado 12-7989] Please ensure there are no constraint changes
Command: synth_design -top GenSecuencia -part xc7a100tcsg324-1
Starting synth_design
Attempting to get a license for feature 'Synthesis' and/or device 'xc7a100t'
INFO: [Common 17-349] Got license for feature 'Synthesis' and/or device 'xc7a100t'
INFO: [Device 21-403] Loading part xc7a100tcsg324-1
INFO: [Device 21-9227] Part: xc7a100tcsg324-1 does not have CEAM library.
INFO: [Designutils 20-5440] No compile time benefit to using incremental synthesis; A full resynthesis will be run
INFO: [Designutils 20-4379] Flow is switching to default flow due to incremental criteria not met. If you would like to alter this behaviour and have the flow terminate instead, please set the following parameter config_implementation {autoIncr.Synth.RejectBehavior Terminate}
INFO: [Synth 8-7079] Multithreading enabled for synth_design using a maximum of 2 processes.
INFO: [Synth 8-7078] Launching helper process for spawning children vivado processes
INFO: [Synth 8-7075] Helper process launched with PID 10820
---------------------------------------------------------------------------------
Starting RTL Elaboration : Time (s): cpu = 00:00:05 ; elapsed = 00:00:05 . Memory (MB): peak = 1391.062 ; gain = 448.891
---------------------------------------------------------------------------------
INFO: [Synth 8-638] synthesizing module 'GenSecuencia' [C:/Users/marco/OneDrive/Documentos/GitHub/ProyectoVHDLCarRechDan/project/project_1.srcs/sources_1/imports/src/GenSecuencia.vhd:21]
INFO: [Synth 8-256] done synthesizing module 'GenSecuencia' (0#1) [C:/Users/marco/OneDrive/Documentos/GitHub/ProyectoVHDLCarRechDan/project/project_1.srcs/sources_1/imports/src/GenSecuencia.vhd:21]
---------------------------------------------------------------------------------
Finished RTL Elaboration : Time (s): cpu = 00:00:06 ; elapsed = 00:00:06 . Memory (MB): peak = 1500.289 ; gain = 558.117
---------------------------------------------------------------------------------
---------------------------------------------------------------------------------
Start Handling Custom Attributes
---------------------------------------------------------------------------------
---------------------------------------------------------------------------------
Finished Handling Custom Attributes : Time (s): cpu = 00:00:06 ; elapsed = 00:00:06 . Memory (MB): peak = 1500.289 ; gain = 558.117
---------------------------------------------------------------------------------
---------------------------------------------------------------------------------
Finished RTL Optimization Phase 1 : Time (s): cpu = 00:00:06 ; elapsed = 00:00:06 . Memory (MB): peak = 1500.289 ; gain = 558.117
---------------------------------------------------------------------------------
Netlist sorting complete. Time (s): cpu = 00:00:00 ; elapsed = 00:00:00 . Memory (MB): peak = 1500.289 ; gain = 0.000
INFO: [Project 1-570] Preparing netlist for logic optimization

Processing XDC Constraints
Initializing timing engine
Parsing XDC File [C:/Users/marco/OneDrive/Documentos/GitHub/ProyectoVHDLCarRechDan/project/project_1.srcs/constrs_1/imports/constraints/Nexys-A7-100T-Master.xdc]
WARNING: [Vivado 12-584] No ports matched 'elemento[2]'. [C:/Users/marco/OneDrive/Documentos/GitHub/ProyectoVHDLCarRechDan/project/project_1.srcs/constrs_1/imports/constraints/Nexys-A7-100T-Master.xdc:31]
CRITICAL WARNING: [Common 17-55] 'set_property' expects at least one object. [C:/Users/marco/OneDrive/Documentos/GitHub/ProyectoVHDLCarRechDan/project/project_1.srcs/constrs_1/imports/constraints/Nexys-A7-100T-Master.xdc:31]
Resolution: If [get_<value>] was used to populate the object, check to make sure this command returns at least one valid object.
WARNING: [Vivado 12-584] No ports matched 'elemento[1]'. [C:/Users/marco/OneDrive/Documentos/GitHub/ProyectoVHDLCarRechDan/project/project_1.srcs/constrs_1/imports/constraints/Nexys-A7-100T-Master.xdc:32]
CRITICAL WARNING: [Common 17-55] 'set_property' expects at least one object. [C:/Users/marco/OneDrive/Documentos/GitHub/ProyectoVHDLCarRechDan/project/project_1.srcs/constrs_1/imports/constraints/Nexys-A7-100T-Master.xdc:32]
Resolution: If [get_<value>] was used to populate the object, check to make sure this command returns at least one valid object.
WARNING: [Vivado 12-584] No ports matched 'elemento[0]'. [C:/Users/marco/OneDrive/Documentos/GitHub/ProyectoVHDLCarRechDan/project/project_1.srcs/constrs_1/imports/constraints/Nexys-A7-100T-Master.xdc:33]
CRITICAL WARNING: [Common 17-55] 'set_property' expects at least one object. [C:/Users/marco/OneDrive/Documentos/GitHub/ProyectoVHDLCarRechDan/project/project_1.srcs/constrs_1/imports/constraints/Nexys-A7-100T-Master.xdc:33]
Resolution: If [get_<value>] was used to populate the object, check to make sure this command returns at least one valid object.
WARNING: [Vivado 12-584] No ports matched 'pedir_tiempo'. [C:/Users/marco/OneDrive/Documentos/GitHub/ProyectoVHDLCarRechDan/project/project_1.srcs/constrs_1/imports/constraints/Nexys-A7-100T-Master.xdc:45]
CRITICAL WARNING: [Common 17-55] 'set_property' expects at least one object. [C:/Users/marco/OneDrive/Documentos/GitHub/ProyectoVHDLCarRechDan/project/project_1.srcs/constrs_1/imports/constraints/Nexys-A7-100T-Master.xdc:45]
Resolution: If [get_<value>] was used to populate the object, check to make sure this command returns at least one valid object.
WARNING: [Vivado 12-584] No ports matched 'fin_secuencia'. [C:/Users/marco/OneDrive/Documentos/GitHub/ProyectoVHDLCarRechDan/project/project_1.srcs/constrs_1/imports/constraints/Nexys-A7-100T-Master.xdc:46]
CRITICAL WARNING: [Common 17-55] 'set_property' expects at least one object. [C:/Users/marco/OneDrive/Documentos/GitHub/ProyectoVHDLCarRechDan/project/project_1.srcs/constrs_1/imports/constraints/Nexys-A7-100T-Master.xdc:46]
Resolution: If [get_<value>] was used to populate the object, check to make sure this command returns at least one valid object.
WARNING: [Vivado 12-584] No ports matched 'emitir_elemento'. [C:/Users/marco/OneDrive/Documentos/GitHub/ProyectoVHDLCarRechDan/project/project_1.srcs/constrs_1/imports/constraints/Nexys-A7-100T-Master.xdc:79]
CRITICAL WARNING: [Common 17-55] 'set_property' expects at least one object. [C:/Users/marco/OneDrive/Documentos/GitHub/ProyectoVHDLCarRechDan/project/project_1.srcs/constrs_1/imports/constraints/Nexys-A7-100T-Master.xdc:79]
Resolution: If [get_<value>] was used to populate the object, check to make sure this command returns at least one valid object.
Finished Parsing XDC File [C:/Users/marco/OneDrive/Documentos/GitHub/ProyectoVHDLCarRechDan/project/project_1.srcs/constrs_1/imports/constraints/Nexys-A7-100T-Master.xdc]
INFO: [Project 1-236] Implementation specific constraints were found while reading constraint file [C:/Users/marco/OneDrive/Documentos/GitHub/ProyectoVHDLCarRechDan/project/project_1.srcs/constrs_1/imports/constraints/Nexys-A7-100T-Master.xdc]. These constraints will be ignored for synthesis but will be used in implementation. Impacted constraints are listed in the file [.Xil/GenSecuencia_propImpl.xdc].
Resolution: To avoid this warning, move constraints listed in [.Xil/GenSecuencia_propImpl.xdc] to another XDC file and exclude this new file from synthesis with the used_in_synthesis property (File Properties dialog in GUI) and re-run elaboration/synthesis.
Completed Processing XDC Constraints

Netlist sorting complete. Time (s): cpu = 00:00:00 ; elapsed = 00:00:00 . Memory (MB): peak = 1594.195 ; gain = 0.000
INFO: [Project 1-111] Unisim Transformation Summary:
No Unisim elements were transformed.

Constraint Validation Runtime : Time (s): cpu = 00:00:00 ; elapsed = 00:00:00.003 . Memory (MB): peak = 1594.195 ; gain = 0.000
INFO: [Designutils 20-5440] No compile time benefit to using incremental synthesis; A full resynthesis will be run
INFO: [Designutils 20-4379] Flow is switching to default flow due to incremental criteria not met. If you would like to alter this behaviour and have the flow terminate instead, please set the following parameter config_implementation {autoIncr.Synth.RejectBehavior Terminate}
---------------------------------------------------------------------------------
Finished Constraint Validation : Time (s): cpu = 00:00:13 ; elapsed = 00:00:13 . Memory (MB): peak = 1594.195 ; gain = 652.023
---------------------------------------------------------------------------------
---------------------------------------------------------------------------------
Start Loading Part and Timing Information
---------------------------------------------------------------------------------
Loading part: xc7a100tcsg324-1
---------------------------------------------------------------------------------
Finished Loading Part and Timing Information : Time (s): cpu = 00:00:13 ; elapsed = 00:00:13 . Memory (MB): peak = 1594.195 ; gain = 652.023
---------------------------------------------------------------------------------
---------------------------------------------------------------------------------
Start Applying 'set_property' XDC Constraints
---------------------------------------------------------------------------------
---------------------------------------------------------------------------------
Finished applying 'set_property' XDC Constraints : Time (s): cpu = 00:00:13 ; elapsed = 00:00:13 . Memory (MB): peak = 1594.195 ; gain = 652.023
---------------------------------------------------------------------------------
---------------------------------------------------------------------------------
Finished RTL Optimization Phase 2 : Time (s): cpu = 00:00:13 ; elapsed = 00:00:13 . Memory (MB): peak = 1594.195 ; gain = 652.023
---------------------------------------------------------------------------------
---------------------------------------------------------------------------------
Start RTL Component Statistics 
---------------------------------------------------------------------------------
Detailed RTL Component Info : 
+---Registers : 
	               44 Bit    Registers := 1     
	                1 Bit    Registers := 1     
+---Muxes : 
	   7 Input   44 Bit        Muxes := 1     
---------------------------------------------------------------------------------
Finished RTL Component Statistics 
---------------------------------------------------------------------------------
---------------------------------------------------------------------------------
Start Part Resource Summary
---------------------------------------------------------------------------------
Part Resources:
DSPs: 240 (col length:80)
BRAMs: 270 (col length: RAMB18 80 RAMB36 40)
---------------------------------------------------------------------------------
Finished Part Resource Summary
---------------------------------------------------------------------------------
---------------------------------------------------------------------------------
Start Cross Boundary and Area Optimization
---------------------------------------------------------------------------------
WARNING: [Synth 8-7080] Parallel synthesis criteria is not met
WARNING: [Synth 8-3917] design GenSecuencia has port sec_generada[0] driven by constant 0
---------------------------------------------------------------------------------
Finished Cross Boundary and Area Optimization : Time (s): cpu = 00:00:14 ; elapsed = 00:00:15 . Memory (MB): peak = 1594.195 ; gain = 652.023
---------------------------------------------------------------------------------
---------------------------------------------------------------------------------
Start Applying XDC Timing Constraints
---------------------------------------------------------------------------------
---------------------------------------------------------------------------------
Finished Applying XDC Timing Constraints : Time (s): cpu = 00:00:20 ; elapsed = 00:00:20 . Memory (MB): peak = 1594.195 ; gain = 652.023
---------------------------------------------------------------------------------
---------------------------------------------------------------------------------
Start Timing Optimization
---------------------------------------------------------------------------------
---------------------------------------------------------------------------------
Finished Timing Optimization : Time (s): cpu = 00:00:20 ; elapsed = 00:00:20 . Memory (MB): peak = 1594.195 ; gain = 652.023
---------------------------------------------------------------------------------
---------------------------------------------------------------------------------
Start Technology Mapping
---------------------------------------------------------------------------------
---------------------------------------------------------------------------------
Finished Technology Mapping : Time (s): cpu = 00:00:20 ; elapsed = 00:00:20 . Memory (MB): peak = 1594.195 ; gain = 652.023
---------------------------------------------------------------------------------
---------------------------------------------------------------------------------
Start IO Insertion
---------------------------------------------------------------------------------
---------------------------------------------------------------------------------
Start Flattening Before IO Insertion
---------------------------------------------------------------------------------
---------------------------------------------------------------------------------
Finished Flattening Before IO Insertion
---------------------------------------------------------------------------------
---------------------------------------------------------------------------------
Start Final Netlist Cleanup
---------------------------------------------------------------------------------
---------------------------------------------------------------------------------
Finished Final Netlist Cleanup
---------------------------------------------------------------------------------
---------------------------------------------------------------------------------
Finished IO Insertion : Time (s): cpu = 00:00:24 ; elapsed = 00:00:24 . Memory (MB): peak = 1594.195 ; gain = 652.023
---------------------------------------------------------------------------------
---------------------------------------------------------------------------------
Start Renaming Generated Instances
---------------------------------------------------------------------------------
---------------------------------------------------------------------------------
Finished Renaming Generated Instances : Time (s): cpu = 00:00:24 ; elapsed = 00:00:24 . Memory (MB): peak = 1594.195 ; gain = 652.023
---------------------------------------------------------------------------------
---------------------------------------------------------------------------------
Start Rebuilding User Hierarchy
---------------------------------------------------------------------------------
---------------------------------------------------------------------------------
Finished Rebuilding User Hierarchy : Time (s): cpu = 00:00:24 ; elapsed = 00:00:24 . Memory (MB): peak = 1594.195 ; gain = 652.023
---------------------------------------------------------------------------------
---------------------------------------------------------------------------------
Start Renaming Generated Ports
---------------------------------------------------------------------------------
---------------------------------------------------------------------------------
Finished Renaming Generated Ports : Time (s): cpu = 00:00:24 ; elapsed = 00:00:24 . Memory (MB): peak = 1594.195 ; gain = 652.023
---------------------------------------------------------------------------------
---------------------------------------------------------------------------------
Start Handling Custom Attributes
---------------------------------------------------------------------------------
---------------------------------------------------------------------------------
Finished Handling Custom Attributes : Time (s): cpu = 00:00:24 ; elapsed = 00:00:24 . Memory (MB): peak = 1594.195 ; gain = 652.023
---------------------------------------------------------------------------------
---------------------------------------------------------------------------------
Start Renaming Generated Nets
---------------------------------------------------------------------------------
---------------------------------------------------------------------------------
Finished Renaming Generated Nets : Time (s): cpu = 00:00:24 ; elapsed = 00:00:24 . Memory (MB): peak = 1594.195 ; gain = 652.023
---------------------------------------------------------------------------------
---------------------------------------------------------------------------------
Start Writing Synthesis Report
---------------------------------------------------------------------------------

Report BlackBoxes: 
+-+--------------+----------+
| |BlackBox name |Instances |
+-+--------------+----------+
+-+--------------+----------+

Report Cell Usage: 
+------+-----+------+
|      |Cell |Count |
+------+-----+------+
|1     |BUFG |     1|
|2     |LUT2 |    10|
|3     |LUT3 |    13|
|4     |FDRE |    22|
|5     |IBUF |     6|
|6     |OBUF |    46|
+------+-----+------+
---------------------------------------------------------------------------------
Finished Writing Synthesis Report : Time (s): cpu = 00:00:24 ; elapsed = 00:00:24 . Memory (MB): peak = 1594.195 ; gain = 652.023
---------------------------------------------------------------------------------
Synthesis finished with 0 errors, 0 critical warnings and 2 warnings.
Synthesis Optimization Runtime : Time (s): cpu = 00:00:16 ; elapsed = 00:00:23 . Memory (MB): peak = 1594.195 ; gain = 558.117
Synthesis Optimization Complete : Time (s): cpu = 00:00:24 ; elapsed = 00:00:24 . Memory (MB): peak = 1594.195 ; gain = 652.023
INFO: [Project 1-571] Translating synthesized netlist
Netlist sorting complete. Time (s): cpu = 00:00:00 ; elapsed = 00:00:00.001 . Memory (MB): peak = 1594.195 ; gain = 0.000
INFO: [Project 1-570] Preparing netlist for logic optimization
INFO: [Opt 31-138] Pushed 0 inverter(s) to 0 load pin(s).
Netlist sorting complete. Time (s): cpu = 00:00:00 ; elapsed = 00:00:00 . Memory (MB): peak = 1594.195 ; gain = 0.000
INFO: [Project 1-111] Unisim Transformation Summary:
No Unisim elements were transformed.

Synth Design complete | Checksum: 639814b1
INFO: [Common 17-83] Releasing license: Synthesis
22 Infos, 8 Warnings, 6 Critical Warnings and 0 Errors encountered.
synth_design completed successfully
synth_design: Time (s): cpu = 00:00:28 ; elapsed = 00:00:29 . Memory (MB): peak = 1594.195 ; gain = 1066.641
INFO: [runtcl-6] Synthesis results are not added to the cache due to CRITICAL_WARNING
Write ShapeDB Complete: Time (s): cpu = 00:00:00 ; elapsed = 00:00:00.001 . Memory (MB): peak = 1594.195 ; gain = 0.000
INFO: [Common 17-1381] The checkpoint 'C:/Users/marco/OneDrive/Documentos/GitHub/ProyectoVHDLCarRechDan/project/project_1.runs/synth_1/GenSecuencia.dcp' has been generated.
INFO: [Vivado 12-24828] Executing command : report_utilization -file GenSecuencia_utilization_synth.rpt -pb GenSecuencia_utilization_synth.pb
INFO: [Common 17-206] Exiting Vivado at Fri Dec 13 18:34:33 2024...
