Copyright 1986-2022 Xilinx, Inc. All Rights Reserved. Copyright 2022-2024 Advanced Micro Devices, Inc. All Rights Reserved.
-------------------------------------------------------------------------------------------------------------------------------------------------
| Tool Version     : Vivado v.2024.1 (win64) Build 5076996 Wed May 22 18:37:14 MDT 2024
| Date             : Wed Dec 11 15:47:24 2024
| Host             : PortatilMarcos running 64-bit major release  (build 9200)
| Command          : report_power -file TOP_power_routed.rpt -pb TOP_power_summary_routed.pb -rpx TOP_power_routed.rpx
| Design           : TOP
| Device           : xc7a100tcsg324-1
| Design State     : routed
| Grade            : commercial
| Process          : typical
| Characterization : Production
-------------------------------------------------------------------------------------------------------------------------------------------------

Power Report

Table of Contents
-----------------
1. Summary
1.1 On-Chip Components
1.2 Power Supply Summary
1.3 Confidence Level
2. Settings
2.1 Environment
2.2 Clock Constraints
3. Detailed Reports
3.1 By Hierarchy

1. Summary
----------

+--------------------------+--------------+
| Total On-Chip Power (W)  | 2.677        |
| Design Power Budget (W)  | Unspecified* |
| Power Budget Margin (W)  | NA           |
| Dynamic (W)              | 2.570        |
| Device Static (W)        | 0.108        |
| Effective TJA (C/W)      | 4.6          |
| Max Ambient (C)          | 72.8         |
| Junction Temperature (C) | 37.2         |
| Confidence Level         | Low          |
| Setting File             | ---          |
| Simulation Activity File | ---          |
| Design Nets Matched      | NA           |
+--------------------------+--------------+
* Specify Design Power Budget using, set_operating_conditions -design_power_budget <value in Watts>


1.1 On-Chip Components
----------------------

+----------------+-----------+----------+-----------+-----------------+
| On-Chip        | Power (W) | Used     | Available | Utilization (%) |
+----------------+-----------+----------+-----------+-----------------+
| Slice Logic    |     0.260 |      360 |       --- |             --- |
|   LUT as Logic |     0.193 |      115 |     63400 |            0.18 |
|   CARRY4       |     0.040 |       19 |     15850 |            0.12 |
|   Register     |     0.021 |      153 |    126800 |            0.12 |
|   BUFG         |     0.006 |        2 |        32 |            6.25 |
|   Others       |     0.000 |       44 |       --- |             --- |
|   F7/F8 Muxes  |     0.000 |        2 |     63400 |           <0.01 |
| Signals        |     0.242 |      256 |       --- |             --- |
| I/O            |     2.068 |       19 |       210 |            9.05 |
| Static Power   |     0.108 |          |           |                 |
| Total          |     2.677 |          |           |                 |
+----------------+-----------+----------+-----------+-----------------+


1.2 Power Supply Summary
------------------------

+-----------+-------------+-----------+-------------+------------+-------------+-------------+------------+
| Source    | Voltage (V) | Total (A) | Dynamic (A) | Static (A) | Powerup (A) | Budget (A)  | Margin (A) |
+-----------+-------------+-----------+-------------+------------+-------------+-------------+------------+
| Vccint    |       1.000 |     0.550 |       0.526 |      0.024 |       NA    | Unspecified | NA         |
| Vccaux    |       1.800 |     0.094 |       0.075 |      0.019 |       NA    | Unspecified | NA         |
| Vcco33    |       3.300 |     0.582 |       0.578 |      0.004 |       NA    | Unspecified | NA         |
| Vcco25    |       2.500 |     0.000 |       0.000 |      0.000 |       NA    | Unspecified | NA         |
| Vcco18    |       1.800 |     0.000 |       0.000 |      0.000 |       NA    | Unspecified | NA         |
| Vcco15    |       1.500 |     0.000 |       0.000 |      0.000 |       NA    | Unspecified | NA         |
| Vcco135   |       1.350 |     0.000 |       0.000 |      0.000 |       NA    | Unspecified | NA         |
| Vcco12    |       1.200 |     0.000 |       0.000 |      0.000 |       NA    | Unspecified | NA         |
| Vccaux_io |       1.800 |     0.000 |       0.000 |      0.000 |       NA    | Unspecified | NA         |
| Vccbram   |       1.000 |     0.000 |       0.000 |      0.000 |       NA    | Unspecified | NA         |
| MGTAVcc   |       1.000 |     0.000 |       0.000 |      0.000 |       NA    | Unspecified | NA         |
| MGTAVtt   |       1.200 |     0.000 |       0.000 |      0.000 |       NA    | Unspecified | NA         |
| Vccadc    |       1.800 |     0.020 |       0.000 |      0.020 |       NA    | Unspecified | NA         |
+-----------+-------------+-----------+-------------+------------+-------------+-------------+------------+


1.3 Confidence Level
--------------------

+-----------------------------+------------+--------------------------------------------------------+--------------------------------------------------------------------------------------------------------------------+
| User Input Data             | Confidence | Details                                                | Action                                                                                                             |
+-----------------------------+------------+--------------------------------------------------------+--------------------------------------------------------------------------------------------------------------------+
| Design implementation state | High       | Design is routed                                       |                                                                                                                    |
| Clock nodes activity        | Low        | User specified less than 75% of clocks                 | Provide missing clock activity with a constraint file, simulation results or by editing the "By Clock Domain" view |
| I/O nodes activity          | Low        | More than 75% of inputs are missing user specification | Provide missing input activity with simulation results or by editing the "By Resource Type -> I/Os" view           |
| Internal nodes activity     | Medium     | User specified less than 25% of internal nodes         | Provide missing internal nodes activity with simulation results or by editing the "By Resource Type" views         |
| Device models               | High       | Device models are Production                           |                                                                                                                    |
|                             |            |                                                        |                                                                                                                    |
| Overall confidence level    | Low        |                                                        |                                                                                                                    |
+-----------------------------+------------+--------------------------------------------------------+--------------------------------------------------------------------------------------------------------------------+


2. Settings
-----------

2.1 Environment
---------------

+-----------------------+--------------------------+
| Ambient Temp (C)      | 25.0                     |
| ThetaJA (C/W)         | 4.6                      |
| Airflow (LFM)         | 250                      |
| Heat Sink             | medium (Medium Profile)  |
| ThetaSA (C/W)         | 4.6                      |
| Board Selection       | medium (10"x10")         |
| # of Board Layers     | 12to15 (12 to 15 Layers) |
| Board Temperature (C) | 25.0                     |
+-----------------------+--------------------------+


2.2 Clock Constraints
---------------------

+-------+--------+-----------------+
| Clock | Domain | Constraint (ns) |
+-------+--------+-----------------+


3. Detailed Reports
-------------------

3.1 By Hierarchy
----------------

+---------------------------------------+-----------+
| Name                                  | Power (W) |
+---------------------------------------+-----------+
| TOP                                   |     2.570 |
|   inst_CompSecuencia                  |     0.011 |
|   inst_Controlador_de_Sec             |     0.001 |
|   inst_DivisorReloj                   |     0.125 |
|   inst_GenSecuencia                   |     0.012 |
|   inst_controlador_nivel              |     0.054 |
|   inst_debouncer[1].botones_debouncer |     0.041 |
|   inst_debouncer[2].botones_debouncer |     0.041 |
|   inst_debouncer[3].botones_debouncer |     0.039 |
|   inst_debouncer[4].botones_debouncer |     0.037 |
|   inst_debouncer_accion               |     0.035 |
|   inst_edgecntr[1].botones_edgecntr   |     0.004 |
|   inst_edgecntr[2].botones_edgecntr   |     0.003 |
|   inst_edgecntr[3].botones_edgecntr   |     0.003 |
|   inst_edgecntr[4].botones_edgecntr   |     0.015 |
|   inst_edgecntr_accion                |     0.002 |
|   inst_sync[1].botones_sync           |     0.005 |
|   inst_sync[2].botones_sync           |     0.006 |
|   inst_sync[3].botones_sync           |     0.008 |
|   inst_sync[4].botones_sync           |     0.006 |
|   inst_sync_accion                    |     0.008 |
|   inst_temporizador                   |     0.020 |
+---------------------------------------+-----------+


