Vivado Simulator v2024.1
Copyright 1986-2022 Xilinx, Inc. All Rights Reserved.
Copyright 2022-2024 Advanced Micro Devices, Inc. All Rights Reserved.
Running: C:/Xilinx/Vivado/2024.1/bin/unwrapped/win64.o/xelab.exe --incr --debug typical --relax --mt 2 --maxdelay -L xil_defaultlib -L simprims_ver -L secureip --snapshot TOP_tb_time_synth -transport_int_delays -pulse_r 0 -pulse_int_r 0 -pulse_e 0 -pulse_int_e 0 xil_defaultlib.TOP_tb xil_defaultlib.glbl -log elaborate.log 
Using 2 slave threads.
Starting static elaboration
Pass Through NonSizing Optimizer
Completed static elaboration
Starting simulation data flow analysis
Completed simulation data flow analysis
INFO: [XSIM 43-3451] SDF backannotation process started with SDF file "TOP_tb_time_synth.sdf", for root module "TOP_tb/uut".
WARNING: [XSIM 43-3477] Unable to find hierarchical path /TOP_tb/uut/boton_IBUF[1]_inst in the HDL hierarchy, annotation will be skipped.
WARNING: [XSIM 43-3477] Unable to find hierarchical path /TOP_tb/uut/boton_IBUF[2]_inst in the HDL hierarchy, annotation will be skipped.
WARNING: [XSIM 43-3477] Unable to find hierarchical path /TOP_tb/uut/boton_IBUF[3]_inst in the HDL hierarchy, annotation will be skipped.
WARNING: [XSIM 43-3477] Unable to find hierarchical path /TOP_tb/uut/boton_IBUF[4]_inst in the HDL hierarchy, annotation will be skipped.
WARNING: [XSIM 43-3477] Unable to find hierarchical path /TOP_tb/uut/display_OBUF[0]_inst in the HDL hierarchy, annotation will be skipped.
WARNING: [XSIM 43-3477] Unable to find hierarchical path /TOP_tb/uut/display_OBUF[1]_inst in the HDL hierarchy, annotation will be skipped.
WARNING: [XSIM 43-3477] Unable to find hierarchical path /TOP_tb/uut/display_OBUF[2]_inst in the HDL hierarchy, annotation will be skipped.
WARNING: [XSIM 43-3477] Unable to find hierarchical path /TOP_tb/uut/display_OBUF[3]_inst in the HDL hierarchy, annotation will be skipped.
WARNING: [XSIM 43-3477] Unable to find hierarchical path /TOP_tb/uut/display_OBUF[4]_inst in the HDL hierarchy, annotation will be skipped.
WARNING: [XSIM 43-3477] Unable to find hierarchical path /TOP_tb/uut/display_OBUF[5]_inst in the HDL hierarchy, annotation will be skipped.
WARNING: [XSIM 43-3477] Unable to find hierarchical path /TOP_tb/uut/display_OBUF[6]_inst in the HDL hierarchy, annotation will be skipped.
WARNING: [XSIM 43-3477] Unable to find hierarchical path /TOP_tb/uut/inst_CompSecuencia/estado_actual[2]_i_2 in the HDL hierarchy, annotation will be skipped.
WARNING: [XSIM 43-3477] Unable to find hierarchical path /TOP_tb/uut/inst_CompSecuencia/estado_actual[2]_i_3 in the HDL hierarchy, annotation will be skipped.
WARNING: [XSIM 43-3477] Unable to find hierarchical path /TOP_tb/uut/inst_CompSecuencia/i0_inferred__0/i__carry in the HDL hierarchy, annotation will be skipped.
WARNING: [XSIM 43-3477] Unable to find hierarchical path /TOP_tb/uut/inst_CompSecuencia/i0_inferred__0/i__carry__0 in the HDL hierarchy, annotation will be skipped.
WARNING: [XSIM 43-3477] Unable to find hierarchical path /TOP_tb/uut/inst_CompSecuencia/i0_inferred__0/i__carry__1 in the HDL hierarchy, annotation will be skipped.
WARNING: [XSIM 43-3477] Unable to find hierarchical path /TOP_tb/uut/inst_CompSecuencia/i_reg[0] in the HDL hierarchy, annotation will be skipped.
WARNING: [XSIM 43-3477] Unable to find hierarchical path /TOP_tb/uut/inst_CompSecuencia/i_reg[0]_i_1 in the HDL hierarchy, annotation will be skipped.
WARNING: [XSIM 43-3477] Unable to find hierarchical path /TOP_tb/uut/inst_CompSecuencia/i_reg[1] in the HDL hierarchy, annotation will be skipped.
WARNING: [XSIM 43-3477] Unable to find hierarchical path /TOP_tb/uut/inst_CompSecuencia/i_reg[1]_i_1 in the HDL hierarchy, annotation will be skipped.
WARNING: [XSIM 43-3477] Unable to find hierarchical path /TOP_tb/uut/inst_CompSecuencia/i_reg[2] in the HDL hierarchy, annotation will be skipped.
WARNING: [XSIM 43-3477] Unable to find hierarchical path /TOP_tb/uut/inst_CompSecuencia/i_reg[2]_i_1 in the HDL hierarchy, annotation will be skipped.
WARNING: [XSIM 43-3477] Unable to find hierarchical path /TOP_tb/uut/inst_CompSecuencia/i_reg[3] in the HDL hierarchy, annotation will be skipped.
WARNING: [XSIM 43-3477] Unable to find hierarchical path /TOP_tb/uut/inst_CompSecuencia/i_reg[3]_i_1 in the HDL hierarchy, annotation will be skipped.
WARNING: [XSIM 43-3477] Unable to find hierarchical path /TOP_tb/uut/inst_CompSecuencia/i_reg[4] in the HDL hierarchy, annotation will be skipped.
WARNING: [XSIM 43-3477] Unable to find hierarchical path /TOP_tb/uut/inst_CompSecuencia/i_reg[4]_i_1 in the HDL hierarchy, annotation will be skipped.
WARNING: [XSIM 43-3477] Unable to find hierarchical path /TOP_tb/uut/inst_CompSecuencia/i_reg[4]_i_2 in the HDL hierarchy, annotation will be skipped.
WARNING: [XSIM 43-3477] Unable to find hierarchical path /TOP_tb/uut/inst_CompSecuencia/i_reg[4]_i_3 in the HDL hierarchy, annotation will be skipped.
WARNING: [XSIM 43-3477] Unable to find hierarchical path /TOP_tb/uut/inst_CompSecuencia/i_reg[5] in the HDL hierarchy, annotation will be skipped.
WARNING: [XSIM 43-3477] Unable to find hierarchical path /TOP_tb/uut/inst_CompSecuencia/i_reg[5]_i_1 in the HDL hierarchy, annotation will be skipped.
WARNING: [XSIM 43-3477] Unable to find hierarchical path /TOP_tb/uut/inst_CompSecuencia/i_reg[5]_i_10 in the HDL hierarchy, annotation will be skipped.
WARNING: [XSIM 43-3477] Unable to find hierarchical path /TOP_tb/uut/inst_CompSecuencia/i_reg[5]_i_13 in the HDL hierarchy, annotation will be skipped.
WARNING: [XSIM 43-3477] Unable to find hierarchical path /TOP_tb/uut/inst_CompSecuencia/i_reg[5]_i_14 in the HDL hierarchy, annotation will be skipped.
WARNING: [XSIM 43-3477] Unable to find hierarchical path /TOP_tb/uut/inst_CompSecuencia/i_reg[5]_i_16 in the HDL hierarchy, annotation will be skipped.
WARNING: [XSIM 43-3477] Unable to find hierarchical path /TOP_tb/uut/inst_CompSecuencia/i_reg[5]_i_18 in the HDL hierarchy, annotation will be skipped.
WARNING: [XSIM 43-3477] Unable to find hierarchical path /TOP_tb/uut/inst_CompSecuencia/i_reg[5]_i_19 in the HDL hierarchy, annotation will be skipped.
WARNING: [XSIM 43-3477] Unable to find hierarchical path /TOP_tb/uut/inst_CompSecuencia/i_reg[5]_i_2 in the HDL hierarchy, annotation will be skipped.
WARNING: [XSIM 43-3477] Unable to find hierarchical path /TOP_tb/uut/inst_CompSecuencia/i_reg[5]_i_21 in the HDL hierarchy, annotation will be skipped.
WARNING: [XSIM 43-3477] Unable to find hierarchical path /TOP_tb/uut/inst_CompSecuencia/i_reg[5]_i_23 in the HDL hierarchy, annotation will be skipped.
WARNING: [XSIM 43-3477] Unable to find hierarchical path /TOP_tb/uut/inst_CompSecuencia/i_reg[5]_i_25 in the HDL hierarchy, annotation will be skipped.
WARNING: [XSIM 43-3477] Unable to find hierarchical path /TOP_tb/uut/inst_CompSecuencia/i_reg[5]_i_28 in the HDL hierarchy, annotation will be skipped.
WARNING: [XSIM 43-3477] Unable to find hierarchical path /TOP_tb/uut/inst_CompSecuencia/i_reg[5]_i_3 in the HDL hierarchy, annotation will be skipped.
WARNING: [XSIM 43-3477] Unable to find hierarchical path /TOP_tb/uut/inst_CompSecuencia/i_reg[5]_i_30 in the HDL hierarchy, annotation will be skipped.
WARNING: [XSIM 43-3477] Unable to find hierarchical path /TOP_tb/uut/inst_CompSecuencia/i_reg[5]_i_35 in the HDL hierarchy, annotation will be skipped.
WARNING: [XSIM 43-3477] Unable to find hierarchical path /TOP_tb/uut/inst_CompSecuencia/i_reg[5]_i_39 in the HDL hierarchy, annotation will be skipped.
WARNING: [XSIM 43-3477] Unable to find hierarchical path /TOP_tb/uut/inst_CompSecuencia/i_reg[5]_i_4 in the HDL hierarchy, annotation will be skipped.
WARNING: [XSIM 43-3477] Unable to find hierarchical path /TOP_tb/uut/inst_CompSecuencia/i_reg[5]_i_41 in the HDL hierarchy, annotation will be skipped.
WARNING: [XSIM 43-3477] Unable to find hierarchical path /TOP_tb/uut/inst_CompSecuencia/i_reg[5]_i_46 in the HDL hierarchy, annotation will be skipped.
WARNING: [XSIM 43-3477] Unable to find hierarchical path /TOP_tb/uut/inst_CompSecuencia/i_reg[5]_i_5 in the HDL hierarchy, annotation will be skipped.
WARNING: [XSIM 43-3477] Unable to find hierarchical path /TOP_tb/uut/inst_CompSecuencia/i_reg[5]_i_7 in the HDL hierarchy, annotation will be skipped.
WARNING: [XSIM 43-3477] Unable to find hierarchical path /TOP_tb/uut/inst_CompSecuencia/i_reg[5]_i_8 in the HDL hierarchy, annotation will be skipped.
WARNING: [XSIM 43-3477] Unable to find hierarchical path /TOP_tb/uut/inst_CompSecuencia/sec_actual_reg[10] in the HDL hierarchy, annotation will be skipped.
WARNING: [XSIM 43-3477] Unable to find hierarchical path /TOP_tb/uut/inst_CompSecuencia/sec_actual_reg[11] in the HDL hierarchy, annotation will be skipped.
WARNING: [XSIM 43-3477] Unable to find hierarchical path /TOP_tb/uut/inst_CompSecuencia/sec_actual_reg[13] in the HDL hierarchy, annotation will be skipped.
WARNING: [XSIM 43-3477] Unable to find hierarchical path /TOP_tb/uut/inst_CompSecuencia/sec_actual_reg[14] in the HDL hierarchy, annotation will be skipped.
WARNING: [XSIM 43-3477] Unable to find hierarchical path /TOP_tb/uut/inst_CompSecuencia/sec_actual_reg[17] in the HDL hierarchy, annotation will be skipped.
WARNING: [XSIM 43-3477] Unable to find hierarchical path /TOP_tb/uut/inst_CompSecuencia/sec_actual_reg[19] in the HDL hierarchy, annotation will be skipped.
WARNING: [XSIM 43-3477] Unable to find hierarchical path /TOP_tb/uut/inst_CompSecuencia/sec_actual_reg[1] in the HDL hierarchy, annotation will be skipped.
WARNING: [XSIM 43-3477] Unable to find hierarchical path /TOP_tb/uut/inst_CompSecuencia/sec_actual_reg[20] in the HDL hierarchy, annotation will be skipped.
WARNING: [XSIM 43-3477] Unable to find hierarchical path /TOP_tb/uut/inst_CompSecuencia/sec_actual_reg[21] in the HDL hierarchy, annotation will be skipped.
WARNING: [XSIM 43-3477] Unable to find hierarchical path /TOP_tb/uut/inst_CompSecuencia/sec_actual_reg[22] in the HDL hierarchy, annotation will be skipped.
WARNING: [XSIM 43-3477] Unable to find hierarchical path /TOP_tb/uut/inst_CompSecuencia/sec_actual_reg[23] in the HDL hierarchy, annotation will be skipped.
WARNING: [XSIM 43-3477] Unable to find hierarchical path /TOP_tb/uut/inst_CompSecuencia/sec_actual_reg[26] in the HDL hierarchy, annotation will be skipped.
WARNING: [XSIM 43-3477] Unable to find hierarchical path /TOP_tb/uut/inst_CompSecuencia/sec_actual_reg[28] in the HDL hierarchy, annotation will be skipped.
WARNING: [XSIM 43-3477] Unable to find hierarchical path /TOP_tb/uut/inst_CompSecuencia/sec_actual_reg[2] in the HDL hierarchy, annotation will be skipped.
WARNING: [XSIM 43-3477] Unable to find hierarchical path /TOP_tb/uut/inst_CompSecuencia/sec_actual_reg[32] in the HDL hierarchy, annotation will be skipped.
WARNING: [XSIM 43-3477] Unable to find hierarchical path /TOP_tb/uut/inst_CompSecuencia/sec_actual_reg[34] in the HDL hierarchy, annotation will be skipped.
WARNING: [XSIM 43-3477] Unable to find hierarchical path /TOP_tb/uut/inst_CompSecuencia/sec_actual_reg[41] in the HDL hierarchy, annotation will be skipped.
WARNING: [XSIM 43-3477] Unable to find hierarchical path /TOP_tb/uut/inst_CompSecuencia/sec_actual_reg[4] in the HDL hierarchy, annotation will be skipped.
WARNING: [XSIM 43-3477] Unable to find hierarchical path /TOP_tb/uut/inst_CompSecuencia/sec_actual_reg[5] in the HDL hierarchy, annotation will be skipped.
WARNING: [XSIM 43-3477] Unable to find hierarchical path /TOP_tb/uut/inst_CompSecuencia/sec_actual_reg[6] in the HDL hierarchy, annotation will be skipped.
WARNING: [XSIM 43-3477] Unable to find hierarchical path /TOP_tb/uut/inst_CompSecuencia/sec_actual_reg[8] in the HDL hierarchy, annotation will be skipped.
WARNING: [XSIM 43-3477] Unable to find hierarchical path /TOP_tb/uut/inst_CompSecuencia/sec_generada_s[1]_i_1 in the HDL hierarchy, annotation will be skipped.
WARNING: [XSIM 43-3477] Unable to find hierarchical path /TOP_tb/uut/inst_CompSecuencia/sec_generada_s[1]_i_3 in the HDL hierarchy, annotation will be skipped.
WARNING: [XSIM 43-3477] Unable to find hierarchical path /TOP_tb/uut/inst_Controlador_de_Sec/cur_state[0]_i_1 in the HDL hierarchy, annotation will be skipped.
WARNING: [XSIM 43-3477] Unable to find hierarchical path /TOP_tb/uut/inst_Controlador_de_Sec/cur_state[1]_i_1 in the HDL hierarchy, annotation will be skipped.
WARNING: [XSIM 43-3477] Unable to find hierarchical path /TOP_tb/uut/inst_Controlador_de_Sec/cur_state_reg[0] in the HDL hierarchy, annotation will be skipped.
WARNING: [XSIM 43-3477] Unable to find hierarchical path /TOP_tb/uut/inst_Controlador_de_Sec/cur_state_reg[1] in the HDL hierarchy, annotation will be skipped.
WARNING: [XSIM 43-3477] Unable to find hierarchical path /TOP_tb/uut/inst_Controlador_de_Sec/indice[0]_i_1 in the HDL hierarchy, annotation will be skipped.
WARNING: [XSIM 43-3477] Unable to find hierarchical path /TOP_tb/uut/inst_Controlador_de_Sec/indice[0]_i_3 in the HDL hierarchy, annotation will be skipped.
WARNING: [XSIM 43-3477] Unable to find hierarchical path /TOP_tb/uut/inst_Controlador_de_Sec/indice[0]_i_4 in the HDL hierarchy, annotation will be skipped.
WARNING: [XSIM 43-3477] Unable to find hierarchical path /TOP_tb/uut/inst_Controlador_de_Sec/indice[0]_i_5 in the HDL hierarchy, annotation will be skipped.
WARNING: [XSIM 43-3477] Unable to find hierarchical path /TOP_tb/uut/inst_Controlador_de_Sec/indice_reg[0] in the HDL hierarchy, annotation will be skipped.
WARNING: [XSIM 43-3477] Unable to find hierarchical path /TOP_tb/uut/inst_Controlador_de_Sec/indice_reg[0]_i_2 in the HDL hierarchy, annotation will be skipped.
WARNING: [XSIM 43-3477] Unable to find hierarchical path /TOP_tb/uut/inst_Controlador_de_Sec/indice_reg[1] in the HDL hierarchy, annotation will be skipped.
WARNING: [XSIM 43-3477] Unable to find hierarchical path /TOP_tb/uut/inst_Controlador_de_Sec/indice_reg[2] in the HDL hierarchy, annotation will be skipped.
WARNING: [XSIM 43-3477] Unable to find hierarchical path /TOP_tb/uut/inst_Controlador_de_Sec/indice_reg[3] in the HDL hierarchy, annotation will be skipped.
WARNING: [XSIM 43-3477] Unable to find hierarchical path /TOP_tb/uut/inst_Controlador_de_Sec/indice_reg[4] in the HDL hierarchy, annotation will be skipped.
WARNING: [XSIM 43-3477] Unable to find hierarchical path /TOP_tb/uut/inst_Controlador_de_Sec/indice_reg[4]_i_1 in the HDL hierarchy, annotation will be skipped.
WARNING: [XSIM 43-3477] Unable to find hierarchical path /TOP_tb/uut/inst_Controlador_de_Sec/indice_reg[5] in the HDL hierarchy, annotation will be skipped.
WARNING: [XSIM 43-3477] Unable to find hierarchical path /TOP_tb/uut/inst_Controlador_de_Sec/led_s[1]_i_1 in the HDL hierarchy, annotation will be skipped.
WARNING: [XSIM 43-3477] Unable to find hierarchical path /TOP_tb/uut/inst_Controlador_de_Sec/led_s[2]_i_1 in the HDL hierarchy, annotation will be skipped.
WARNING: [XSIM 43-3477] Unable to find hierarchical path /TOP_tb/uut/inst_Controlador_de_Sec/led_s[3]_i_1 in the HDL hierarchy, annotation will be skipped.
WARNING: [XSIM 43-3477] Unable to find hierarchical path /TOP_tb/uut/inst_Controlador_de_Sec/led_s[4]_i_1 in the HDL hierarchy, annotation will be skipped.
WARNING: [XSIM 43-3477] Unable to find hierarchical path /TOP_tb/uut/inst_Controlador_de_Sec/nxt_state[0]_C in the HDL hierarchy, annotation will be skipped.
WARNING: [XSIM 43-3477] Unable to find hierarchical path /TOP_tb/uut/inst_Controlador_de_Sec/nxt_state[0]_LDC in the HDL hierarchy, annotation will be skipped.
WARNING: [XSIM 43-3477] Unable to find hierarchical path /TOP_tb/uut/inst_Controlador_de_Sec/nxt_state[1]_LDC in the HDL hierarchy, annotation will be skipped.
WARNING: [XSIM 43-3477] Unable to find hierarchical path /TOP_tb/uut/inst_Controlador_de_Sec/nxt_state[1]_LDC_i_1 in the HDL hierarchy, annotation will be skipped.
WARNING: [XSIM 43-3477] Unable to find hierarchical path /TOP_tb/uut/inst_Controlador_de_Sec/nxt_state[1]_LDC_i_2 in the HDL hierarchy, annotation will be skipped.
WARNING: [XSIM 43-3477] Unable to find hierarchical path /TOP_tb/uut/inst_Controlador_de_Sec/nxt_state[1]_P in the HDL hierarchy, annotation will be skipped.
WARNING: [XSIM 43-3477] Unable to find hierarchical path /TOP_tb/uut/inst_Decod_Leds_Sec/led_s_reg[1] in the HDL hierarchy, annotation will be skipped.
WARNING: [XSIM 43-3477] Unable to find hierarchical path /TOP_tb/uut/inst_Decod_Leds_Sec/led_s_reg[2] in the HDL hierarchy, annotation will be skipped.
WARNING: [XSIM 43-3477] Unable to find hierarchical path /TOP_tb/uut/inst_Decod_Leds_Sec/led_s_reg[3] in the HDL hierarchy, annotation will be skipped.
WARNING: [XSIM 43-3477] Unable to find hierarchical path /TOP_tb/uut/inst_Decod_Leds_Sec/led_s_reg[4] in the HDL hierarchy, annotation will be skipped.
WARNING: [XSIM 43-3477] Unable to find hierarchical path /TOP_tb/uut/inst_DivisorReloj/contador[0]_i_1 in the HDL hierarchy, annotation will be skipped.
WARNING: [XSIM 43-3477] Unable to find hierarchical path /TOP_tb/uut/inst_DivisorReloj/contador[1]_i_1 in the HDL hierarchy, annotation will be skipped.
WARNING: [XSIM 43-3477] Unable to find hierarchical path /TOP_tb/uut/inst_DivisorReloj/contador[2]_i_1 in the HDL hierarchy, annotation will be skipped.
WARNING: [XSIM 43-3477] Unable to find hierarchical path /TOP_tb/uut/inst_DivisorReloj/contador[3]_i_1 in the HDL hierarchy, annotation will be skipped.
WARNING: [XSIM 43-3477] Unable to find hierarchical path /TOP_tb/uut/inst_DivisorReloj/contador[4]_i_1 in the HDL hierarchy, annotation will be skipped.
WARNING: [XSIM 43-3477] Unable to find hierarchical path /TOP_tb/uut/inst_DivisorReloj/contador[5]_i_1 in the HDL hierarchy, annotation will be skipped.
WARNING: [XSIM 43-3477] Unable to find hierarchical path /TOP_tb/uut/inst_DivisorReloj/contador[5]_i_2 in the HDL hierarchy, annotation will be skipped.
WARNING: [XSIM 43-3477] Unable to find hierarchical path /TOP_tb/uut/inst_DivisorReloj/contador_reg[0] in the HDL hierarchy, annotation will be skipped.
WARNING: [XSIM 43-3477] Unable to find hierarchical path /TOP_tb/uut/inst_DivisorReloj/contador_reg[1] in the HDL hierarchy, annotation will be skipped.
WARNING: [XSIM 43-3477] Unable to find hierarchical path /TOP_tb/uut/inst_DivisorReloj/contador_reg[2] in the HDL hierarchy, annotation will be skipped.
WARNING: [XSIM 43-3477] Unable to find hierarchical path /TOP_tb/uut/inst_DivisorReloj/contador_reg[3] in the HDL hierarchy, annotation will be skipped.
WARNING: [XSIM 43-3477] Unable to find hierarchical path /TOP_tb/uut/inst_DivisorReloj/contador_reg[4] in the HDL hierarchy, annotation will be skipped.
WARNING: [XSIM 43-3477] Unable to find hierarchical path /TOP_tb/uut/inst_DivisorReloj/contador_reg[5] in the HDL hierarchy, annotation will be skipped.
WARNING: [XSIM 43-3477] Unable to find hierarchical path /TOP_tb/uut/inst_GenSecuencia/i_reg[5]_i_12 in the HDL hierarchy, annotation will be skipped.
WARNING: [XSIM 43-3477] Unable to find hierarchical path /TOP_tb/uut/inst_GenSecuencia/i_reg[5]_i_15 in the HDL hierarchy, annotation will be skipped.
WARNING: [XSIM 43-3477] Unable to find hierarchical path /TOP_tb/uut/inst_GenSecuencia/i_reg[5]_i_17 in the HDL hierarchy, annotation will be skipped.
WARNING: [XSIM 43-3477] Unable to find hierarchical path /TOP_tb/uut/inst_GenSecuencia/i_reg[5]_i_20 in the HDL hierarchy, annotation will be skipped.
WARNING: [XSIM 43-3477] Unable to find hierarchical path /TOP_tb/uut/inst_GenSecuencia/i_reg[5]_i_22 in the HDL hierarchy, annotation will be skipped.
WARNING: [XSIM 43-3477] Unable to find hierarchical path /TOP_tb/uut/inst_GenSecuencia/i_reg[5]_i_24 in the HDL hierarchy, annotation will be skipped.
WARNING: [XSIM 43-3477] Unable to find hierarchical path /TOP_tb/uut/inst_GenSecuencia/i_reg[5]_i_26 in the HDL hierarchy, annotation will be skipped.
WARNING: [XSIM 43-3477] Unable to find hierarchical path /TOP_tb/uut/inst_GenSecuencia/i_reg[5]_i_27 in the HDL hierarchy, annotation will be skipped.
WARNING: [XSIM 43-3477] Unable to find hierarchical path /TOP_tb/uut/inst_GenSecuencia/i_reg[5]_i_29 in the HDL hierarchy, annotation will be skipped.
WARNING: [XSIM 43-3477] Unable to find hierarchical path /TOP_tb/uut/inst_GenSecuencia/i_reg[5]_i_31 in the HDL hierarchy, annotation will be skipped.
WARNING: [XSIM 43-3477] Unable to find hierarchical path /TOP_tb/uut/inst_GenSecuencia/i_reg[5]_i_32 in the HDL hierarchy, annotation will be skipped.
WARNING: [XSIM 43-3477] Unable to find hierarchical path /TOP_tb/uut/inst_GenSecuencia/i_reg[5]_i_33 in the HDL hierarchy, annotation will be skipped.
WARNING: [XSIM 43-3477] Unable to find hierarchical path /TOP_tb/uut/inst_GenSecuencia/i_reg[5]_i_34 in the HDL hierarchy, annotation will be skipped.
WARNING: [XSIM 43-3477] Unable to find hierarchical path /TOP_tb/uut/inst_GenSecuencia/i_reg[5]_i_36 in the HDL hierarchy, annotation will be skipped.
WARNING: [XSIM 43-3477] Unable to find hierarchical path /TOP_tb/uut/inst_GenSecuencia/i_reg[5]_i_37 in the HDL hierarchy, annotation will be skipped.
WARNING: [XSIM 43-3477] Unable to find hierarchical path /TOP_tb/uut/inst_GenSecuencia/i_reg[5]_i_38 in the HDL hierarchy, annotation will be skipped.
WARNING: [XSIM 43-3477] Unable to find hierarchical path /TOP_tb/uut/inst_GenSecuencia/i_reg[5]_i_40 in the HDL hierarchy, annotation will be skipped.
WARNING: [XSIM 43-3477] Unable to find hierarchical path /TOP_tb/uut/inst_GenSecuencia/i_reg[5]_i_42 in the HDL hierarchy, annotation will be skipped.
WARNING: [XSIM 43-3477] Unable to find hierarchical path /TOP_tb/uut/inst_GenSecuencia/i_reg[5]_i_43 in the HDL hierarchy, annotation will be skipped.
WARNING: [XSIM 43-3477] Unable to find hierarchical path /TOP_tb/uut/inst_GenSecuencia/i_reg[5]_i_44 in the HDL hierarchy, annotation will be skipped.
WARNING: [XSIM 43-3477] Unable to find hierarchical path /TOP_tb/uut/inst_GenSecuencia/i_reg[5]_i_45 in the HDL hierarchy, annotation will be skipped.
WARNING: [XSIM 43-3477] Unable to find hierarchical path /TOP_tb/uut/inst_GenSecuencia/i_reg[5]_i_47 in the HDL hierarchy, annotation will be skipped.
WARNING: [XSIM 43-3477] Unable to find hierarchical path /TOP_tb/uut/inst_GenSecuencia/i_reg[5]_i_48 in the HDL hierarchy, annotation will be skipped.
WARNING: [XSIM 43-3477] Unable to find hierarchical path /TOP_tb/uut/inst_GenSecuencia/i_reg[5]_i_49 in the HDL hierarchy, annotation will be skipped.
WARNING: [XSIM 43-3477] Unable to find hierarchical path /TOP_tb/uut/inst_GenSecuencia/i_reg[5]_i_50 in the HDL hierarchy, annotation will be skipped.
WARNING: [XSIM 43-3477] Unable to find hierarchical path /TOP_tb/uut/inst_GenSecuencia/i_reg[5]_i_51 in the HDL hierarchy, annotation will be skipped.
WARNING: [XSIM 43-3477] Unable to find hierarchical path /TOP_tb/uut/inst_GenSecuencia/i_reg[5]_i_52 in the HDL hierarchy, annotation will be skipped.
WARNING: [XSIM 43-3477] Unable to find hierarchical path /TOP_tb/uut/inst_GenSecuencia/i_reg[5]_i_53 in the HDL hierarchy, annotation will be skipped.
WARNING: [XSIM 43-3477] Unable to find hierarchical path /TOP_tb/uut/inst_GenSecuencia/i_reg[5]_i_54 in the HDL hierarchy, annotation will be skipped.
WARNING: [XSIM 43-3477] Unable to find hierarchical path /TOP_tb/uut/inst_GenSecuencia/i_reg[5]_i_55 in the HDL hierarchy, annotation will be skipped.
WARNING: [XSIM 43-3477] Unable to find hierarchical path /TOP_tb/uut/inst_GenSecuencia/sec_generada_s_reg[10] in the HDL hierarchy, annotation will be skipped.
WARNING: [XSIM 43-3477] Unable to find hierarchical path /TOP_tb/uut/inst_GenSecuencia/sec_generada_s_reg[11] in the HDL hierarchy, annotation will be skipped.
WARNING: [XSIM 43-3477] Unable to find hierarchical path /TOP_tb/uut/inst_GenSecuencia/sec_generada_s_reg[13] in the HDL hierarchy, annotation will be skipped.
WARNING: [XSIM 43-3477] Unable to find hierarchical path /TOP_tb/uut/inst_GenSecuencia/sec_generada_s_reg[14] in the HDL hierarchy, annotation will be skipped.
WARNING: [XSIM 43-3477] Unable to find hierarchical path /TOP_tb/uut/inst_GenSecuencia/sec_generada_s_reg[17] in the HDL hierarchy, annotation will be skipped.
WARNING: [XSIM 43-3477] Unable to find hierarchical path /TOP_tb/uut/inst_GenSecuencia/sec_generada_s_reg[19] in the HDL hierarchy, annotation will be skipped.
WARNING: [XSIM 43-3477] Unable to find hierarchical path /TOP_tb/uut/inst_GenSecuencia/sec_generada_s_reg[1] in the HDL hierarchy, annotation will be skipped.
WARNING: [XSIM 43-3477] Unable to find hierarchical path /TOP_tb/uut/inst_GenSecuencia/sec_generada_s_reg[20] in the HDL hierarchy, annotation will be skipped.
WARNING: [XSIM 43-3477] Unable to find hierarchical path /TOP_tb/uut/inst_GenSecuencia/sec_generada_s_reg[21] in the HDL hierarchy, annotation will be skipped.
WARNING: [XSIM 43-3477] Unable to find hierarchical path /TOP_tb/uut/inst_GenSecuencia/sec_generada_s_reg[22] in the HDL hierarchy, annotation will be skipped.
WARNING: [XSIM 43-3477] Unable to find hierarchical path /TOP_tb/uut/inst_GenSecuencia/sec_generada_s_reg[23] in the HDL hierarchy, annotation will be skipped.
WARNING: [XSIM 43-3477] Unable to find hierarchical path /TOP_tb/uut/inst_GenSecuencia/sec_generada_s_reg[26] in the HDL hierarchy, annotation will be skipped.
WARNING: [XSIM 43-3477] Unable to find hierarchical path /TOP_tb/uut/inst_GenSecuencia/sec_generada_s_reg[28] in the HDL hierarchy, annotation will be skipped.
WARNING: [XSIM 43-3477] Unable to find hierarchical path /TOP_tb/uut/inst_GenSecuencia/sec_generada_s_reg[2] in the HDL hierarchy, annotation will be skipped.
WARNING: [XSIM 43-3477] Unable to find hierarchical path /TOP_tb/uut/inst_GenSecuencia/sec_generada_s_reg[32] in the HDL hierarchy, annotation will be skipped.
WARNING: [XSIM 43-3477] Unable to find hierarchical path /TOP_tb/uut/inst_GenSecuencia/sec_generada_s_reg[34] in the HDL hierarchy, annotation will be skipped.
WARNING: [XSIM 43-3477] Unable to find hierarchical path /TOP_tb/uut/inst_GenSecuencia/sec_generada_s_reg[41] in the HDL hierarchy, annotation will be skipped.
WARNING: [XSIM 43-3477] Unable to find hierarchical path /TOP_tb/uut/inst_GenSecuencia/sec_generada_s_reg[4] in the HDL hierarchy, annotation will be skipped.
WARNING: [XSIM 43-3477] Unable to find hierarchical path /TOP_tb/uut/inst_GenSecuencia/sec_generada_s_reg[5] in the HDL hierarchy, annotation will be skipped.
WARNING: [XSIM 43-3477] Unable to find hierarchical path /TOP_tb/uut/inst_GenSecuencia/sec_generada_s_reg[6] in the HDL hierarchy, annotation will be skipped.
WARNING: [XSIM 43-3477] Unable to find hierarchical path /TOP_tb/uut/inst_GenSecuencia/sec_generada_s_reg[8] in the HDL hierarchy, annotation will be skipped.
WARNING: [XSIM 43-3477] Unable to find hierarchical path /TOP_tb/uut/inst_controlador_nivel/display_s[2]_i_1 in the HDL hierarchy, annotation will be skipped.
WARNING: [XSIM 43-3477] Unable to find hierarchical path /TOP_tb/uut/inst_controlador_nivel/display_s[3]_i_1 in the HDL hierarchy, annotation will be skipped.
WARNING: [XSIM 43-3477] Unable to find hierarchical path /TOP_tb/uut/inst_controlador_nivel/estado_actual[0]_i_1 in the HDL hierarchy, annotation will be skipped.
WARNING: [XSIM 43-3477] Unable to find hierarchical path /TOP_tb/uut/inst_controlador_nivel/estado_actual[1]_i_1 in the HDL hierarchy, annotation will be skipped.
WARNING: [XSIM 43-3477] Unable to find hierarchical path /TOP_tb/uut/inst_controlador_nivel/estado_actual[2]_i_1 in the HDL hierarchy, annotation will be skipped.
WARNING: [XSIM 43-3477] Unable to find hierarchical path /TOP_tb/uut/inst_controlador_nivel/estado_actual_reg[0] in the HDL hierarchy, annotation will be skipped.
WARNING: [XSIM 43-3477] Unable to find hierarchical path /TOP_tb/uut/inst_controlador_nivel/estado_actual_reg[1] in the HDL hierarchy, annotation will be skipped.
WARNING: [XSIM 43-3477] Unable to find hierarchical path /TOP_tb/uut/inst_controlador_nivel/estado_actual_reg[2] in the HDL hierarchy, annotation will be skipped.
WARNING: [XSIM 43-3477] Unable to find hierarchical path /TOP_tb/uut/inst_controlador_nivel/sec_generada_s[10]_i_1 in the HDL hierarchy, annotation will be skipped.
WARNING: [XSIM 43-3477] Unable to find hierarchical path /TOP_tb/uut/inst_controlador_nivel/sec_generada_s[11]_i_1 in the HDL hierarchy, annotation will be skipped.
WARNING: [XSIM 43-3477] Unable to find hierarchical path /TOP_tb/uut/inst_controlador_nivel/sec_generada_s[13]_i_1 in the HDL hierarchy, annotation will be skipped.
WARNING: [XSIM 43-3477] Unable to find hierarchical path /TOP_tb/uut/inst_controlador_nivel/sec_generada_s[14]_i_1 in the HDL hierarchy, annotation will be skipped.
WARNING: [XSIM 43-3477] Unable to find hierarchical path /TOP_tb/uut/inst_controlador_nivel/sec_generada_s[17]_i_1 in the HDL hierarchy, annotation will be skipped.
WARNING: [XSIM 43-3477] Unable to find hierarchical path /TOP_tb/uut/inst_controlador_nivel/sec_generada_s[19]_i_1 in the HDL hierarchy, annotation will be skipped.
WARNING: [XSIM 43-3477] Unable to find hierarchical path /TOP_tb/uut/inst_controlador_nivel/sec_generada_s[1]_i_2 in the HDL hierarchy, annotation will be skipped.
WARNING: [XSIM 43-3477] Unable to find hierarchical path /TOP_tb/uut/inst_controlador_nivel/sec_generada_s[20]_i_1 in the HDL hierarchy, annotation will be skipped.
WARNING: [XSIM 43-3477] Unable to find hierarchical path /TOP_tb/uut/inst_controlador_nivel/sec_generada_s[21]_i_1 in the HDL hierarchy, annotation will be skipped.
WARNING: [XSIM 43-3477] Unable to find hierarchical path /TOP_tb/uut/inst_controlador_nivel/sec_generada_s[22]_i_1 in the HDL hierarchy, annotation will be skipped.
WARNING: [XSIM 43-3477] Unable to find hierarchical path /TOP_tb/uut/inst_controlador_nivel/sec_generada_s[23]_i_1 in the HDL hierarchy, annotation will be skipped.
WARNING: [XSIM 43-3477] Unable to find hierarchical path /TOP_tb/uut/inst_controlador_nivel/sec_generada_s[26]_i_1 in the HDL hierarchy, annotation will be skipped.
WARNING: [XSIM 43-3477] Unable to find hierarchical path /TOP_tb/uut/inst_controlador_nivel/sec_generada_s[28]_i_1 in the HDL hierarchy, annotation will be skipped.
WARNING: [XSIM 43-3477] Unable to find hierarchical path /TOP_tb/uut/inst_controlador_nivel/sec_generada_s[2]_i_1 in the HDL hierarchy, annotation will be skipped.
WARNING: [XSIM 43-3477] Unable to find hierarchical path /TOP_tb/uut/inst_controlador_nivel/sec_generada_s[32]_i_1 in the HDL hierarchy, annotation will be skipped.
WARNING: [XSIM 43-3477] Unable to find hierarchical path /TOP_tb/uut/inst_controlador_nivel/sec_generada_s[34]_i_1 in the HDL hierarchy, annotation will be skipped.
WARNING: [XSIM 43-3477] Unable to find hierarchical path /TOP_tb/uut/inst_controlador_nivel/sec_generada_s[41]_i_1 in the HDL hierarchy, annotation will be skipped.
WARNING: [XSIM 43-3477] Unable to find hierarchical path /TOP_tb/uut/inst_controlador_nivel/sec_generada_s[4]_i_1 in the HDL hierarchy, annotation will be skipped.
WARNING: [XSIM 43-3477] Unable to find hierarchical path /TOP_tb/uut/inst_controlador_nivel/sec_generada_s[5]_i_1 in the HDL hierarchy, annotation will be skipped.
WARNING: [XSIM 43-3477] Unable to find hierarchical path /TOP_tb/uut/inst_controlador_nivel/sec_generada_s[6]_i_1 in the HDL hierarchy, annotation will be skipped.
WARNING: [XSIM 43-3477] Unable to find hierarchical path /TOP_tb/uut/inst_controlador_nivel/sec_generada_s[8]_i_1 in the HDL hierarchy, annotation will be skipped.
WARNING: [XSIM 43-3477] Unable to find hierarchical path /TOP_tb/uut/inst_decod_display/display_s_reg[0] in the HDL hierarchy, annotation will be skipped.
WARNING: [XSIM 43-3477] Unable to find hierarchical path /TOP_tb/uut/inst_decod_display/display_s_reg[1] in the HDL hierarchy, annotation will be skipped.
WARNING: [XSIM 43-3477] Unable to find hierarchical path /TOP_tb/uut/inst_decod_display/display_s_reg[2] in the HDL hierarchy, annotation will be skipped.
WARNING: [XSIM 43-3477] Unable to find hierarchical path /TOP_tb/uut/inst_decod_display/display_s_reg[3] in the HDL hierarchy, annotation will be skipped.
WARNING: [XSIM 43-3477] Unable to find hierarchical path /TOP_tb/uut/inst_decod_display/display_s_reg[4] in the HDL hierarchy, annotation will be skipped.
WARNING: [XSIM 43-3477] Unable to find hierarchical path /TOP_tb/uut/inst_decod_display/display_s_reg[5] in the HDL hierarchy, annotation will be skipped.
WARNING: [XSIM 43-3477] Unable to find hierarchical path /TOP_tb/uut/inst_decod_display/display_s_reg[6] in the HDL hierarchy, annotation will be skipped.
WARNING: [XSIM 43-3477] Unable to find hierarchical path /TOP_tb/uut/inst_sync[1].botones_sync/SYNC_OUT_reg in the HDL hierarchy, annotation will be skipped.
WARNING: [XSIM 43-3477] Unable to find hierarchical path /TOP_tb/uut/inst_sync[1].botones_sync/i_reg[5]_i_11 in the HDL hierarchy, annotation will be skipped.
WARNING: [XSIM 43-3477] Unable to find hierarchical path /TOP_tb/uut/inst_sync[1].botones_sync/i_reg[5]_i_6 in the HDL hierarchy, annotation will be skipped.
WARNING: [XSIM 43-3477] Unable to find hierarchical path /TOP_tb/uut/inst_sync[1].botones_sync/sreg_reg[0] in the HDL hierarchy, annotation will be skipped.
WARNING: [XSIM 43-3477] Unable to find hierarchical path /TOP_tb/uut/inst_sync[1].botones_sync/sreg_reg[1] in the HDL hierarchy, annotation will be skipped.
WARNING: [XSIM 43-3477] Unable to find hierarchical path /TOP_tb/uut/inst_sync[2].botones_sync/SYNC_OUT_reg in the HDL hierarchy, annotation will be skipped.
WARNING: [XSIM 43-3477] Unable to find hierarchical path /TOP_tb/uut/inst_sync[2].botones_sync/sreg_reg[0] in the HDL hierarchy, annotation will be skipped.
WARNING: [XSIM 43-3477] Unable to find hierarchical path /TOP_tb/uut/inst_sync[2].botones_sync/sreg_reg[1] in the HDL hierarchy, annotation will be skipped.
WARNING: [XSIM 43-3477] Unable to find hierarchical path /TOP_tb/uut/inst_sync[3].botones_sync/SYNC_OUT_reg in the HDL hierarchy, annotation will be skipped.
WARNING: [XSIM 43-3477] Unable to find hierarchical path /TOP_tb/uut/inst_sync[3].botones_sync/sreg_reg[0] in the HDL hierarchy, annotation will be skipped.
WARNING: [XSIM 43-3477] Unable to find hierarchical path /TOP_tb/uut/inst_sync[3].botones_sync/sreg_reg[1] in the HDL hierarchy, annotation will be skipped.
WARNING: [XSIM 43-3477] Unable to find hierarchical path /TOP_tb/uut/inst_sync[4].botones_sync/SYNC_OUT_reg in the HDL hierarchy, annotation will be skipped.
WARNING: [XSIM 43-3477] Unable to find hierarchical path /TOP_tb/uut/inst_sync[4].botones_sync/i_reg[5]_i_9 in the HDL hierarchy, annotation will be skipped.
WARNING: [XSIM 43-3477] Unable to find hierarchical path /TOP_tb/uut/inst_sync[4].botones_sync/sreg_reg[0] in the HDL hierarchy, annotation will be skipped.
WARNING: [XSIM 43-3477] Unable to find hierarchical path /TOP_tb/uut/inst_sync[4].botones_sync/sreg_reg[1] in the HDL hierarchy, annotation will be skipped.
WARNING: [XSIM 43-3477] Unable to find hierarchical path /TOP_tb/uut/inst_sync_accion/sreg_reg[0] in the HDL hierarchy, annotation will be skipped.
WARNING: [XSIM 43-3477] Unable to find hierarchical path /TOP_tb/uut/inst_sync_accion/sreg_reg[1] in the HDL hierarchy, annotation will be skipped.
WARNING: [XSIM 43-3477] Unable to find hierarchical path /TOP_tb/uut/inst_temporizador/contador_s[0]_i_1 in the HDL hierarchy, annotation will be skipped.
WARNING: [XSIM 43-3477] Unable to find hierarchical path /TOP_tb/uut/inst_temporizador/contador_s[0]_i_3 in the HDL hierarchy, annotation will be skipped.
WARNING: [XSIM 43-3477] Unable to find hierarchical path /TOP_tb/uut/inst_temporizador/contador_s_reg[0] in the HDL hierarchy, annotation will be skipped.
WARNING: [XSIM 43-3477] Unable to find hierarchical path /TOP_tb/uut/inst_temporizador/contador_s_reg[0]_i_2 in the HDL hierarchy, annotation will be skipped.
WARNING: [XSIM 43-3477] Unable to find hierarchical path /TOP_tb/uut/inst_temporizador/contador_s_reg[10] in the HDL hierarchy, annotation will be skipped.
WARNING: [XSIM 43-3477] Unable to find hierarchical path /TOP_tb/uut/inst_temporizador/contador_s_reg[11] in the HDL hierarchy, annotation will be skipped.
WARNING: [XSIM 43-3477] Unable to find hierarchical path /TOP_tb/uut/inst_temporizador/contador_s_reg[12] in the HDL hierarchy, annotation will be skipped.
WARNING: [XSIM 43-3477] Unable to find hierarchical path /TOP_tb/uut/inst_temporizador/contador_s_reg[12]_i_1 in the HDL hierarchy, annotation will be skipped.
WARNING: [XSIM 43-3477] Unable to find hierarchical path /TOP_tb/uut/inst_temporizador/contador_s_reg[13] in the HDL hierarchy, annotation will be skipped.
WARNING: [XSIM 43-3477] Unable to find hierarchical path /TOP_tb/uut/inst_temporizador/contador_s_reg[14] in the HDL hierarchy, annotation will be skipped.
WARNING: [XSIM 43-3477] Unable to find hierarchical path /TOP_tb/uut/inst_temporizador/contador_s_reg[15] in the HDL hierarchy, annotation will be skipped.
WARNING: [XSIM 43-3477] Unable to find hierarchical path /TOP_tb/uut/inst_temporizador/contador_s_reg[16] in the HDL hierarchy, annotation will be skipped.
WARNING: [XSIM 43-3477] Unable to find hierarchical path /TOP_tb/uut/inst_temporizador/contador_s_reg[16]_i_1 in the HDL hierarchy, annotation will be skipped.
WARNING: [XSIM 43-3477] Unable to find hierarchical path /TOP_tb/uut/inst_temporizador/contador_s_reg[17] in the HDL hierarchy, annotation will be skipped.
WARNING: [XSIM 43-3477] Unable to find hierarchical path /TOP_tb/uut/inst_temporizador/contador_s_reg[18] in the HDL hierarchy, annotation will be skipped.
WARNING: [XSIM 43-3477] Unable to find hierarchical path /TOP_tb/uut/inst_temporizador/contador_s_reg[19] in the HDL hierarchy, annotation will be skipped.
WARNING: [XSIM 43-3477] Unable to find hierarchical path /TOP_tb/uut/inst_temporizador/contador_s_reg[1] in the HDL hierarchy, annotation will be skipped.
WARNING: [XSIM 43-3477] Unable to find hierarchical path /TOP_tb/uut/inst_temporizador/contador_s_reg[20] in the HDL hierarchy, annotation will be skipped.
WARNING: [XSIM 43-3477] Unable to find hierarchical path /TOP_tb/uut/inst_temporizador/contador_s_reg[20]_i_1 in the HDL hierarchy, annotation will be skipped.
WARNING: [XSIM 43-3477] Unable to find hierarchical path /TOP_tb/uut/inst_temporizador/contador_s_reg[21] in the HDL hierarchy, annotation will be skipped.
WARNING: [XSIM 43-3477] Unable to find hierarchical path /TOP_tb/uut/inst_temporizador/contador_s_reg[22] in the HDL hierarchy, annotation will be skipped.
WARNING: [XSIM 43-3477] Unable to find hierarchical path /TOP_tb/uut/inst_temporizador/contador_s_reg[23] in the HDL hierarchy, annotation will be skipped.
WARNING: [XSIM 43-3477] Unable to find hierarchical path /TOP_tb/uut/inst_temporizador/contador_s_reg[24] in the HDL hierarchy, annotation will be skipped.
WARNING: [XSIM 43-3477] Unable to find hierarchical path /TOP_tb/uut/inst_temporizador/contador_s_reg[24]_i_1 in the HDL hierarchy, annotation will be skipped.
WARNING: [XSIM 43-3477] Unable to find hierarchical path /TOP_tb/uut/inst_temporizador/contador_s_reg[25] in the HDL hierarchy, annotation will be skipped.
WARNING: [XSIM 43-3477] Unable to find hierarchical path /TOP_tb/uut/inst_temporizador/contador_s_reg[26] in the HDL hierarchy, annotation will be skipped.
WARNING: [XSIM 43-3477] Unable to find hierarchical path /TOP_tb/uut/inst_temporizador/contador_s_reg[27] in the HDL hierarchy, annotation will be skipped.
WARNING: [XSIM 43-3477] Unable to find hierarchical path /TOP_tb/uut/inst_temporizador/contador_s_reg[28] in the HDL hierarchy, annotation will be skipped.
WARNING: [XSIM 43-3477] Unable to find hierarchical path /TOP_tb/uut/inst_temporizador/contador_s_reg[28]_i_1 in the HDL hierarchy, annotation will be skipped.
WARNING: [XSIM 43-3477] Unable to find hierarchical path /TOP_tb/uut/inst_temporizador/contador_s_reg[29] in the HDL hierarchy, annotation will be skipped.
WARNING: [XSIM 43-3477] Unable to find hierarchical path /TOP_tb/uut/inst_temporizador/contador_s_reg[2] in the HDL hierarchy, annotation will be skipped.
WARNING: [XSIM 43-3477] Unable to find hierarchical path /TOP_tb/uut/inst_temporizador/contador_s_reg[30] in the HDL hierarchy, annotation will be skipped.
WARNING: [XSIM 43-3477] Unable to find hierarchical path /TOP_tb/uut/inst_temporizador/contador_s_reg[31] in the HDL hierarchy, annotation will be skipped.
WARNING: [XSIM 43-3477] Unable to find hierarchical path /TOP_tb/uut/inst_temporizador/contador_s_reg[3] in the HDL hierarchy, annotation will be skipped.
WARNING: [XSIM 43-3477] Unable to find hierarchical path /TOP_tb/uut/inst_temporizador/contador_s_reg[4] in the HDL hierarchy, annotation will be skipped.
WARNING: [XSIM 43-3477] Unable to find hierarchical path /TOP_tb/uut/inst_temporizador/contador_s_reg[4]_i_1 in the HDL hierarchy, annotation will be skipped.
WARNING: [XSIM 43-3477] Unable to find hierarchical path /TOP_tb/uut/inst_temporizador/contador_s_reg[5] in the HDL hierarchy, annotation will be skipped.
WARNING: [XSIM 43-3477] Unable to find hierarchical path /TOP_tb/uut/inst_temporizador/contador_s_reg[6] in the HDL hierarchy, annotation will be skipped.
WARNING: [XSIM 43-3477] Unable to find hierarchical path /TOP_tb/uut/inst_temporizador/contador_s_reg[7] in the HDL hierarchy, annotation will be skipped.
WARNING: [XSIM 43-3477] Unable to find hierarchical path /TOP_tb/uut/inst_temporizador/contador_s_reg[8] in the HDL hierarchy, annotation will be skipped.
WARNING: [XSIM 43-3477] Unable to find hierarchical path /TOP_tb/uut/inst_temporizador/contador_s_reg[8]_i_1 in the HDL hierarchy, annotation will be skipped.
WARNING: [XSIM 43-3477] Unable to find hierarchical path /TOP_tb/uut/inst_temporizador/contador_s_reg[9] in the HDL hierarchy, annotation will be skipped.
WARNING: [XSIM 43-3477] Unable to find hierarchical path /TOP_tb/uut/led_OBUF[1]_inst in the HDL hierarchy, annotation will be skipped.
WARNING: [XSIM 43-3477] Unable to find hierarchical path /TOP_tb/uut/led_OBUF[2]_inst in the HDL hierarchy, annotation will be skipped.
WARNING: [XSIM 43-3477] Unable to find hierarchical path /TOP_tb/uut/led_OBUF[3]_inst in the HDL hierarchy, annotation will be skipped.
WARNING: [XSIM 43-3477] Unable to find hierarchical path /TOP_tb/uut/led_OBUF[4]_inst in the HDL hierarchy, annotation will be skipped.
INFO: [XSIM 43-3452] SDF backannotation was successful for SDF file "TOP_tb_time_synth.sdf", for root module "TOP_tb/uut".
Time Resolution for simulation is 1ps
Compiling package std.standard
Compiling package std.textio
Compiling package ieee.std_logic_1164
Compiling package vl.vl_types
Compiling module xil_defaultlib.glbl
Compiling module simprims_ver.BUFG
Compiling module simprims_ver.IBUF
Compiling module simprims_ver.OBUF
Compiling module simprims_ver.LUT5
Compiling module simprims_ver.LUT4
Compiling module simprims_ver.LUT6
Compiling module simprims_ver.x_lut3_mux8
Compiling module simprims_ver.LUT3
Compiling module simprims_ver.latchsre_ldce
Compiling module simprims_ver.LDCE
Compiling module simprims_ver.CARRY4
Compiling module simprims_ver.x_lut2_mux4
Compiling module simprims_ver.LUT2
Compiling module simprims_ver.x_lut1_mux2
Compiling module simprims_ver.LUT1
Compiling module xil_defaultlib.CompSecuencia
Compiling module simprims_ver.FDRE_default
Compiling module simprims_ver.FDCE_default
Compiling module simprims_ver.FDPE_default
Compiling module xil_defaultlib.Controlador_de_Sec
Compiling module xil_defaultlib.Decod_Leds_Sec
Compiling module xil_defaultlib.DivisorReloj
Compiling module simprims_ver.MUXF7
Compiling module simprims_ver.MUXF8
Compiling module xil_defaultlib.GenSecuencia
Compiling module xil_defaultlib.controlador_nivel
Compiling module xil_defaultlib.decod_display
Compiling module xil_defaultlib.sync
Compiling module xil_defaultlib.sync_0
Compiling module xil_defaultlib.sync_1
Compiling module xil_defaultlib.sync_2
Compiling module xil_defaultlib.sync_3
Compiling module xil_defaultlib.temporizador
Compiling module xil_defaultlib.TOP
Compiling architecture behavioral of entity xil_defaultlib.top_tb
Built simulation snapshot TOP_tb_time_synth
